<?xml version="1.0" encoding="UTF-8"?>
<!-- Generated by org.testng.reporters.JUnitReportReporter -->
<testsuite name="com.testng.yahoo.YahooTest.YahooTestRunner" tests="2" time="124.815" ignored="0" failures="0" timestamp="12 Feb 2017 13:50:15 GMT" skipped="0" hostname="Siva" errors="0">
  <testcase name="searchText" time="73.194" classname="com.testng.yahoo.YahooTest.YahooTestRunner"/>
  <testcase name="searchText" time="51.621" classname="com.testng.yahoo.YahooTest.YahooTestRunner"/>
</testsuite> <!-- com.testng.yahoo.YahooTest.YahooTestRunner -->
